<?xml version="1.0" encoding="UTF-8"?>
<coverage generated="1734669042417" clover="3.2.0">
  <project timestamp="1734669042417" name="All files">
    <metrics statements="4" coveredstatements="4" conditionals="0" coveredconditionals="0" methods="1" coveredmethods="1" elements="5" coveredelements="5" complexity="0" loc="4" ncloc="4" packages="1" files="2" classes="2"/>
    <file name="App.jsx" path="/home/kamaleshsuresh/Desktop/variable pay/Cypress boilerplate/React-webpack/src/App.jsx">
      <metrics statements="2" coveredstatements="2" conditionals="0" coveredconditionals="0" methods="1" coveredmethods="1"/>
      <line num="4" count="1" type="stmt"/>
      <line num="5" count="1" type="stmt"/>
    </file>
    <file name="index.js" path="/home/kamaleshsuresh/Desktop/variable pay/Cypress boilerplate/React-webpack/src/index.js">
      <metrics statements="2" coveredstatements="2" conditionals="0" coveredconditionals="0" methods="0" coveredmethods="0"/>
      <line num="6" count="1" type="stmt"/>
      <line num="7" count="1" type="stmt"/>
    </file>
  </project>
</coverage>
